<?xml version="1.0" encoding="UTF-8"?>
<!-- Generated by org.testng.reporters.JUnitReportReporter -->
<testsuite hostname="DESKTOP-TQM7C3E" failures="0" tests="1" name="com.demoaut.newtours.Testscripts.ValidateUserTest" time="4.394" errors="0" timestamp="26 Mar 2019 20:11:06 GMT" skipped="0">
  <testcase classname="com.demoaut.newtours.Testscripts.ValidateUserTest" name="userValidation" time="4.394"/>
</testsuite> <!-- com.demoaut.newtours.Testscripts.ValidateUserTest -->
